2020-09-08 14:47:27 7523 INFO  [main] - ****** Launching chrome browser *****
2020-09-08 14:47:51 31492 INFO  [main] - ****** Open URL *****
2020-09-08 14:47:51 31743 INFO  [main] - ****** Verify visibility of Sign In button *****
2020-09-08 14:47:54 34127 INFO  [main] - ****** Navigate to Sign In Page *****
2020-09-08 14:49:29 7550 INFO  [main] - ****** Launching chrome browser *****
2020-09-08 14:49:49 26971 INFO  [main] - ****** Open URL *****
2020-09-08 14:49:49 27217 INFO  [main] - ****** Verify visibility of Sign In button *****
2020-09-08 14:49:56 33956 INFO  [main] - ****** Navigate to Sign In Page *****
2020-09-08 14:54:15 8407 INFO  [main] - ****** Launching chrome browser *****
2020-09-08 14:54:30 23426 INFO  [main] - ****** Open URL *****
2020-09-08 14:54:31 23652 INFO  [main] - ****** Verify visibility of Sign In button *****
2020-09-08 14:54:31 24278 INFO  [main] - ****** Navigate to Sign In Page *****
2020-09-08 23:41:18 52862 INFO  [main] - ****** Launching chrome browser *****
2020-09-08 23:42:55 8009 INFO  [main] - ****** Launching chrome browser *****
2020-09-08 23:43:12 24613 INFO  [main] - ****** Open URL *****
2020-09-08 23:43:12 25119 INFO  [main] - ****** Verify visibility of Sign In button *****
2020-09-08 23:43:14 27122 INFO  [main] - ****** Navigate to Sign In Page *****
2020-09-08 23:44:48 8842 INFO  [main] - ****** Launching chrome browser *****2020-09-09 23:39:51 56130 INFO  [main] - ****** Launching chrome browser *****
2020-09-09 23:40:14 78761 INFO  [main] - ****** Open URL *****
2020-09-09 23:40:16 80430 INFO  [main] - ****** Verify visibility of Sign In button *****
2020-09-09 23:40:19 83779 INFO  [main] - ****** Navigate to Sign In Page *****
2020-09-10 16:39:51 7932 INFO  [main] - ****** Launching chrome browser *****
2020-09-10 16:40:15 31536 INFO  [main] - ****** Open URL *****
2020-09-10 16:40:20 36751 INFO  [main] - ****** Verify visibility of Sign In button *****
2020-09-10 16:40:24 40985 INFO  [main] - ****** Navigate to Sign In Page *****
2020-09-10 16:45:37 7022 INFO  [main] - ****** Launching chrome browser *****
2020-09-10 22:25:40 37216 INFO  [main] - ****** Launching chrome browser *****
2020-09-10 22:26:03 60669 INFO  [main] - ****** Open URL *****
2020-09-10 22:26:06 63713 INFO  [main] - ****** Verify visibility of Sign In button *****
2020-09-10 22:26:11 68403 INFO  [main] - ****** Navigate to Sign In Page *****
2020-09-11 20:07:26 15286 INFO  [main] - ****** Launching chrome browser *****
2020-09-11 20:07:35 24604 INFO  [main] - ****** Open URL *****
2020-09-11 20:07:36 25047 INFO  [main] - ****** Verify visibility of Sign In button *****
2020-09-11 20:07:38 26931 INFO  [main] - ****** Navigate to Sign In Page *****
2020-09-14 22:59:17 29939 INFO  [main] - entering appliction url and maximizing browser
2020-09-14 22:59:18 30861 INFO  [main] - Verify Sign In link
2020-09-14 23:52:25 15003 INFO  [main] - entering appliction url and maximizing browser
2020-09-14 23:52:26 16328 INFO  [main] - Verify Sign In link
2020-09-15 18:17:13 71174 INFO  [main] - entering appliction url and maximizing browser
2020-09-15 18:17:18 75736 INFO  [main] - Verify Sign In link
2020-09-15 18:36:18 17651 INFO  [main] - entering appliction url and maximizing browser
2020-09-15 18:36:19 18758 INFO  [main] - Verify Sign In link
2020-09-15 19:04:40 16292 INFO  [main] - entering appliction url and maximizing browser
2020-09-15 19:07:03 19140 INFO  [main] - entering appliction url and maximizing browser
